-------------------------------------------------------------------------------
Test set: com.springframework.asdclinic.model.PetTest
-------------------------------------------------------------------------------
Tests run: 1, Failures: 0, Errors: 1, Skipped: 0, Time elapsed: 0.005 s <<< FAILURE! - in com.springframework.asdclinic.model.PetTest
com.springframework.asdclinic.model.PetTest  Time elapsed: 0.004 s  <<< ERROR!
org.junit.platform.commons.JUnitException: @BeforeAll method 'public void com.springframework.asdclinic.model.PetTest.setup()' must be static unless the test class is annotated with @TestInstance(Lifecycle.PER_CLASS).

