<?xml version="1.0" encoding="UTF-8"?>
<testsuite xmlns:xsi="http://www.w3.org/2001/XMLSchema-instance" xsi:noNamespaceSchemaLocation="https://maven.apache.org/surefire/maven-surefire-plugin/xsd/surefire-test-report.xsd" name="com.springframework.asdclinic.services.map.OwnerMapServiceTest" time="0.044" tests="8" errors="0" skipped="0" failures="0">
  <properties>
[...]
</properties>
  <testcase name="saveNoId" classname="com.springframework.asdclinic.services.map.OwnerMapServiceTest" time="0.025"/>
  <testcase name="findByLastNameNotFound" classname="com.springframework.asdclinic.services.map.OwnerMapServiceTest" time="0.001"/>
  <testcase name="saveExistingId" classname="com.springframework.asdclinic.services.map.OwnerMapServiceTest" time="0.002"/>
  <testcase name="delete" classname="com.springframework.asdclinic.services.map.OwnerMapServiceTest" time="0.002"/>
  <testcase name="findAll" classname="com.springframework.asdclinic.services.map.OwnerMapServiceTest" time="0.001"/>
  <testcase name="findById" classname="com.springframework.asdclinic.services.map.OwnerMapServiceTest" time="0.001"/>
  <testcase name="findByLastName" classname="com.springframework.asdclinic.services.map.OwnerMapServiceTest" time="0.001"/>
  <testcase name="deleteById" classname="com.springframework.asdclinic.services.map.OwnerMapServiceTest" time="0.001"/>
</testsuite>